<?xml version="1.0" encoding="UTF-8"?><testrun name="TestRunner" project="framework" tests="35" started="0" failures="0" errors="1" ignored="0">
  <testsuite name="CucumberOptions.TestRunner" incomplete="true">
    <testsuite name="Login to Bugzilla using Different Set of Logins" incomplete="true">
      <testsuite name="SignTo to Bugzilla #1" incomplete="true">
        <error>io.cucumber.core.runner.DuplicateStepDefinitionException: Duplicate step definitions in Steps.HomepageSteps.enter_username_password_and_click_login(java.lang.String,java.lang.String) and Steps.LoginpageSteps.enter_username_password_and_click_login(java.lang.String,java.lang.String)&#13;
	at io.cucumber.core.runner.CachingGlue.lambda$prepareGlue$3(CachingGlue.java:277)&#13;
	at java.base/java.util.ArrayList.forEach(ArrayList.java:1511)&#13;
	at io.cucumber.core.runner.CachingGlue.prepareGlue(CachingGlue.java:271)&#13;
	at io.cucumber.core.runner.Runner.runPickle(Runner.java:72)&#13;
	at io.cucumber.junit.PickleRunners$WithStepDescriptions.lambda$run$1(PickleRunners.java:109)&#13;
	at io.cucumber.core.runtime.CucumberExecutionContext.lambda$runTestCase$3(CucumberExecutionContext.java:151)&#13;
	at io.cucumber.core.runtime.RethrowingThrowableCollector.executeAndThrow(RethrowingThrowableCollector.java:23)&#13;
	at io.cucumber.core.runtime.CucumberExecutionContext.runTestCase(CucumberExecutionContext.java:151)&#13;
	at io.cucumber.junit.PickleRunners$WithStepDescriptions.run(PickleRunners.java:106)&#13;
	at io.cucumber.junit.FeatureRunner.runChild(FeatureRunner.java:144)&#13;
	at io.cucumber.junit.FeatureRunner.runChild(FeatureRunner.java:28)&#13;
	at org.junit.runners.ParentRunner$3.run(ParentRunner.java:238)&#13;
	at org.junit.runners.ParentRunner$1.schedule(ParentRunner.java:63)&#13;
	at org.junit.runners.ParentRunner.runChildren(ParentRunner.java:236)&#13;
	at org.junit.runners.ParentRunner.access$000(ParentRunner.java:53)&#13;
	at org.junit.runners.ParentRunner$2.evaluate(ParentRunner.java:229)&#13;
	at org.junit.runners.ParentRunner.run(ParentRunner.java:309)&#13;
	at io.cucumber.junit.FeatureRunner.run(FeatureRunner.java:137)&#13;
	at io.cucumber.junit.Cucumber.runChild(Cucumber.java:196)&#13;
	at io.cucumber.junit.Cucumber.runChild(Cucumber.java:89)&#13;
	at org.junit.runners.ParentRunner$3.run(ParentRunner.java:238)&#13;
	at org.junit.runners.ParentRunner$1.schedule(ParentRunner.java:63)&#13;
	at org.junit.runners.ParentRunner.runChildren(ParentRunner.java:236)&#13;
	at org.junit.runners.ParentRunner.access$000(ParentRunner.java:53)&#13;
	at org.junit.runners.ParentRunner$2.evaluate(ParentRunner.java:229)&#13;
	at io.cucumber.junit.Cucumber$RunBeforeAllHooks.evaluate(Cucumber.java:266)&#13;
	at io.cucumber.junit.Cucumber$RunAfterAllHooks.evaluate(Cucumber.java:281)&#13;
	at io.cucumber.junit.Cucumber$StartTestRun.evaluate(Cucumber.java:233)&#13;
	at io.cucumber.junit.Cucumber$FinishTestRun.evaluate(Cucumber.java:248)&#13;
	at org.junit.runners.ParentRunner.run(ParentRunner.java:309)&#13;
	at org.eclipse.jdt.internal.junit4.runner.JUnit4TestReference.run(JUnit4TestReference.java:93)&#13;
	at org.eclipse.jdt.internal.junit.runner.TestExecution.run(TestExecution.java:40)&#13;
	at org.eclipse.jdt.internal.junit.runner.RemoteTestRunner.runTests(RemoteTestRunner.java:529)&#13;
	at org.eclipse.jdt.internal.junit.runner.RemoteTestRunner.runTests(RemoteTestRunner.java:756)&#13;
	at org.eclipse.jdt.internal.junit.runner.RemoteTestRunner.run(RemoteTestRunner.java:452)&#13;
	at org.eclipse.jdt.internal.junit.runner.RemoteTestRunner.main(RemoteTestRunner.java:210)&#13;
&#13;
</error>
        <testcase name="Open Bugzilla HomePage in the Browser" classname="SignTo to Bugzilla #1" incomplete="true"/>
        <testcase name="Click on LoginLink on Homepage" classname="SignTo to Bugzilla #1" incomplete="true"/>
        <testcase name="username and Password fields appears on Homepage" classname="SignTo to Bugzilla #1" incomplete="true"/>
        <testcase name="Enter username chandra_nemani@hotmail.com Password and Password1 click Login" classname="SignTo to Bugzilla #1" incomplete="true"/>
        <testcase name="Users should be able to login to Bugzilla successfully" classname="SignTo to Bugzilla #1" incomplete="true"/>
        <testcase name="Click on Logout link" classname="SignTo to Bugzilla #1" incomplete="true"/>
        <testcase name="Redirected to Homepage" classname="SignTo to Bugzilla #1" incomplete="true"/>
      </testsuite>
      <testsuite name="SignTo to Bugzilla #2" incomplete="true">
        <testcase name="Open Bugzilla HomePage in the Browser" classname="SignTo to Bugzilla #2" incomplete="true"/>
        <testcase name="Click on LoginLink on Homepage" classname="SignTo to Bugzilla #2" incomplete="true"/>
        <testcase name="username and Password fields appears on Homepage" classname="SignTo to Bugzilla #2" incomplete="true"/>
        <testcase name="Enter username nemani.sureshbabu@gmail.com Password and Password3 click Login" classname="SignTo to Bugzilla #2" incomplete="true"/>
        <testcase name="Users should be able to login to Bugzilla successfully" classname="SignTo to Bugzilla #2" incomplete="true"/>
        <testcase name="Click on Logout link" classname="SignTo to Bugzilla #2" incomplete="true"/>
        <testcase name="Redirected to Homepage" classname="SignTo to Bugzilla #2" incomplete="true"/>
      </testsuite>
      <testsuite name="Validate to Bugzilla Login #1" incomplete="true">
        <testcase name="Open Bugzilla HomePage in the Browser" classname="Validate to Bugzilla Login #1" incomplete="true"/>
        <testcase name="Click on LoginLink on Homepage" classname="Validate to Bugzilla Login #1" incomplete="true"/>
        <testcase name="username and Password fields appears on Homepage" classname="Validate to Bugzilla Login #1" incomplete="true"/>
        <testcase name="Enter username nemani.sureshbabu@gmail.com Password and Password click Login" classname="Validate to Bugzilla Login #1" incomplete="true"/>
        <testcase name="or Else redirected to InavalidUsernameandPasswordpage" classname="Validate to Bugzilla Login #1" incomplete="true"/>
        <testcase name="Page title should &quot;Bugzilla – Invalid Username Or Password&quot;" classname="Validate to Bugzilla Login #1" incomplete="true"/>
        <testcase name="ErrorMessage should be &quot;The username or password you entered is not valid.&quot;" classname="Validate to Bugzilla Login #1" incomplete="true"/>
      </testsuite>
      <testsuite name="Validate to Bugzilla Login #2" incomplete="true">
        <testcase name="Open Bugzilla HomePage in the Browser" classname="Validate to Bugzilla Login #2" incomplete="true"/>
        <testcase name="Click on LoginLink on Homepage" classname="Validate to Bugzilla Login #2" incomplete="true"/>
        <testcase name="username and Password fields appears on Homepage" classname="Validate to Bugzilla Login #2" incomplete="true"/>
        <testcase name="Enter username chandra_nemani@hotmail.com Password and Password4 click Login" classname="Validate to Bugzilla Login #2" incomplete="true"/>
        <testcase name="or Else redirected to InavalidUsernameandPasswordpage" classname="Validate to Bugzilla Login #2" incomplete="true"/>
        <testcase name="Page title should &quot;Bugzilla – Invalid Username Or Password&quot;" classname="Validate to Bugzilla Login #2" incomplete="true"/>
        <testcase name="ErrorMessage should be &quot;The username or password you entered is not valid.&quot;" classname="Validate to Bugzilla Login #2" incomplete="true"/>
      </testsuite>
      <testsuite name="Validate to Bugzilla Login #3" incomplete="true">
        <testcase name="Open Bugzilla HomePage in the Browser" classname="Validate to Bugzilla Login #3" incomplete="true"/>
        <testcase name="Click on LoginLink on Homepage" classname="Validate to Bugzilla Login #3" incomplete="true"/>
        <testcase name="username and Password fields appears on Homepage" classname="Validate to Bugzilla Login #3" incomplete="true"/>
        <testcase name="Enter username nemani.sureshbabu@gmail.com Password and Password5 click Login" classname="Validate to Bugzilla Login #3" incomplete="true"/>
        <testcase name="or Else redirected to InavalidUsernameandPasswordpage" classname="Validate to Bugzilla Login #3" incomplete="true"/>
        <testcase name="Page title should &quot;Bugzilla – Invalid Username Or Password&quot;" classname="Validate to Bugzilla Login #3" incomplete="true"/>
        <testcase name="ErrorMessage should be &quot;The username or password you entered is not valid.&quot;" classname="Validate to Bugzilla Login #3" incomplete="true"/>
      </testsuite>
    </testsuite>
  </testsuite>
</testrun>
