<?xml version="1.0" encoding="UTF-8"?>
<testng-results skipped="0" failed="0" ignored="0" total="6" passed="6">
  <reporter-output>
  </reporter-output>
  <suite name="Surefire suite" duration-ms="33051" started-at="2022-03-05T07:44:48 IST" finished-at="2022-03-05T07:45:21 IST">
    <groups>
      <group name="cucumber">
        <method signature="AbstractTestNGCucumberTests.runScenario(io.cucumber.testng.PickleWrapper,io.cucumber.testng.FeatureWrapper)[pri:0, instance:CucumberOptions.TestNGTestRunner@d9d034]" name="runScenario" class="io.cucumber.testng.AbstractTestNGCucumberTests"/>
      </group> <!-- cucumber -->
    </groups>
    <test name="Surefire test" duration-ms="33051" started-at="2022-03-05T07:44:48 IST" finished-at="2022-03-05T07:45:21 IST">
      <class name="CucumberOptions.TestNGTestRunner">
        <test-method status="PASS" signature="setUpClass(org.testng.ITestContext)[pri:0, instance:CucumberOptions.TestNGTestRunner@d9d034]" name="setUpClass" is-config="true" duration-ms="313" started-at="2022-03-05T07:44:48 IST" finished-at="2022-03-05T07:44:48 IST">
          <params>
            <param index="0">
              <value>
                <![CDATA[org.testng.TestRunner@1465398]]>
              </value>
            </param>
          </params>
          <reporter-output>
          </reporter-output>
        </test-method> <!-- setUpClass -->
        <test-method status="PASS" signature="runScenario(io.cucumber.testng.PickleWrapper,io.cucumber.testng.FeatureWrapper)[pri:0, instance:CucumberOptions.TestNGTestRunner@d9d034]" name="runScenario" duration-ms="32422" started-at="2022-03-05T07:44:48 IST" description="Runs Cucumber Scenarios" data-provider="scenarios" finished-at="2022-03-05T07:45:21 IST">
          <params>
            <param index="0">
              <value>
                <![CDATA["SignTo to Bugzilla"]]>
              </value>
            </param>
            <param index="1">
              <value>
                <![CDATA["Optional[Login to Bugzilla using Different Set of Logins]"]]>
              </value>
            </param>
          </params>
          <reporter-output>
          </reporter-output>
        </test-method> <!-- runScenario -->
        <test-method status="PASS" signature="runScenario(io.cucumber.testng.PickleWrapper,io.cucumber.testng.FeatureWrapper)[pri:0, instance:CucumberOptions.TestNGTestRunner@d9d034]" name="runScenario" duration-ms="24899" started-at="2022-03-05T07:44:48 IST" description="Runs Cucumber Scenarios" data-provider="scenarios" finished-at="2022-03-05T07:45:13 IST">
          <params>
            <param index="0">
              <value>
                <![CDATA["Validate to Bugzilla Login"]]>
              </value>
            </param>
            <param index="1">
              <value>
                <![CDATA["Optional[Login to Bugzilla using Different Set of Logins]"]]>
              </value>
            </param>
          </params>
          <reporter-output>
          </reporter-output>
        </test-method> <!-- runScenario -->
        <test-method status="PASS" signature="runScenario(io.cucumber.testng.PickleWrapper,io.cucumber.testng.FeatureWrapper)[pri:0, instance:CucumberOptions.TestNGTestRunner@d9d034]" name="runScenario" duration-ms="32690" started-at="2022-03-05T07:44:48 IST" description="Runs Cucumber Scenarios" data-provider="scenarios" finished-at="2022-03-05T07:45:21 IST">
          <params>
            <param index="0">
              <value>
                <![CDATA["SignTo to Bugzilla"]]>
              </value>
            </param>
            <param index="1">
              <value>
                <![CDATA["Optional[Login to Bugzilla using Different Set of Logins]"]]>
              </value>
            </param>
          </params>
          <reporter-output>
          </reporter-output>
        </test-method> <!-- runScenario -->
        <test-method status="PASS" signature="runScenario(io.cucumber.testng.PickleWrapper,io.cucumber.testng.FeatureWrapper)[pri:0, instance:CucumberOptions.TestNGTestRunner@d9d034]" name="runScenario" duration-ms="24978" started-at="2022-03-05T07:44:48 IST" description="Runs Cucumber Scenarios" data-provider="scenarios" finished-at="2022-03-05T07:45:13 IST">
          <params>
            <param index="0">
              <value>
                <![CDATA["Validate to Bugzilla Login"]]>
              </value>
            </param>
            <param index="1">
              <value>
                <![CDATA["Optional[Login to Bugzilla using Different Set of Logins]"]]>
              </value>
            </param>
          </params>
          <reporter-output>
          </reporter-output>
        </test-method> <!-- runScenario -->
        <test-method status="PASS" signature="runScenario(io.cucumber.testng.PickleWrapper,io.cucumber.testng.FeatureWrapper)[pri:0, instance:CucumberOptions.TestNGTestRunner@d9d034]" name="runScenario" duration-ms="25146" started-at="2022-03-05T07:44:48 IST" description="Runs Cucumber Scenarios" data-provider="scenarios" finished-at="2022-03-05T07:45:14 IST">
          <params>
            <param index="0">
              <value>
                <![CDATA["Validate to Bugzilla Login"]]>
              </value>
            </param>
            <param index="1">
              <value>
                <![CDATA["Optional[Login to Bugzilla using Different Set of Logins]"]]>
              </value>
            </param>
          </params>
          <reporter-output>
          </reporter-output>
        </test-method> <!-- runScenario -->
        <test-method status="PASS" signature="runScenario(io.cucumber.testng.PickleWrapper,io.cucumber.testng.FeatureWrapper)[pri:0, instance:CucumberOptions.TestNGTestRunner@d9d034]" name="runScenario" duration-ms="13727" started-at="2022-03-05T07:44:48 IST" description="Runs Cucumber Scenarios" data-provider="scenarios" finished-at="2022-03-05T07:45:02 IST">
          <params>
            <param index="0">
              <value>
                <![CDATA["Bugzilla sign in from Login page"]]>
              </value>
            </param>
            <param index="1">
              <value>
                <![CDATA["Optional[Bugzilla Login Test]"]]>
              </value>
            </param>
          </params>
          <reporter-output>
          </reporter-output>
        </test-method> <!-- runScenario -->
        <test-method status="PASS" signature="tearDownClass()[pri:0, instance:CucumberOptions.TestNGTestRunner@d9d034]" name="tearDownClass" is-config="true" duration-ms="7" started-at="2022-03-05T07:45:21 IST" finished-at="2022-03-05T07:45:21 IST">
          <reporter-output>
          </reporter-output>
        </test-method> <!-- tearDownClass -->
      </class> <!-- CucumberOptions.TestNGTestRunner -->
    </test> <!-- Surefire test -->
  </suite> <!-- Surefire suite -->
</testng-results>
