<?xml version="1.0" encoding="UTF-8"?>
<testng-results ignored="0" total="3" passed="3" failed="0" skipped="0">
  <reporter-output>
  </reporter-output>
  <suite started-at="2022-02-27T16:39:11 IST" name="Default suite" finished-at="2022-02-27T16:39:40 IST" duration-ms="29198">
    <groups>
      <group name="cucumber">
        <method signature="AbstractTestNGCucumberTests.runScenario(io.cucumber.testng.PickleWrapper,io.cucumber.testng.FeatureWrapper)[pri:0, instance:CucumberOptions.TestNGTestRunner@791f145a]" name="runScenario" class="io.cucumber.testng.AbstractTestNGCucumberTests"/>
      </group> <!-- cucumber -->
    </groups>
    <test started-at="2022-02-27T16:39:11 IST" name="Default test" finished-at="2022-02-27T16:39:40 IST" duration-ms="29198">
      <class name="CucumberOptions.TestNGTestRunner">
        <test-method is-config="true" signature="setUpClass(org.testng.ITestContext)[pri:0, instance:CucumberOptions.TestNGTestRunner@791f145a]" started-at="2022-02-27T16:39:11 IST" name="setUpClass" finished-at="2022-02-27T16:39:11 IST" duration-ms="319" status="PASS">
          <params>
            <param index="0">
              <value>
                <![CDATA[org.testng.TestRunner@2dd29a59]]>
              </value>
            </param>
          </params>
          <reporter-output>
          </reporter-output>
        </test-method> <!-- setUpClass -->
        <test-method signature="runScenario(io.cucumber.testng.PickleWrapper,io.cucumber.testng.FeatureWrapper)[pri:0, instance:CucumberOptions.TestNGTestRunner@791f145a]" started-at="2022-02-27T16:39:11 IST" name="runScenario" description="Runs Cucumber Scenarios" data-provider="scenarios" finished-at="2022-02-27T16:39:23 IST" duration-ms="11740" status="PASS">
          <params>
            <param index="0">
              <value>
                <![CDATA["Bugzilla sign in from Login page"]]>
              </value>
            </param>
            <param index="1">
              <value>
                <![CDATA["Optional[Bugzilla Login Test]"]]>
              </value>
            </param>
          </params>
          <reporter-output>
          </reporter-output>
        </test-method> <!-- runScenario -->
        <test-method signature="runScenario(io.cucumber.testng.PickleWrapper,io.cucumber.testng.FeatureWrapper)[pri:0, instance:CucumberOptions.TestNGTestRunner@791f145a]" started-at="2022-02-27T16:39:11 IST" name="runScenario" description="Runs Cucumber Scenarios" data-provider="scenarios" finished-at="2022-02-27T16:39:40 IST" duration-ms="28824" status="PASS">
          <params>
            <param index="0">
              <value>
                <![CDATA["SignTo to Bugzilla"]]>
              </value>
            </param>
            <param index="1">
              <value>
                <![CDATA["Optional[Login to Bugzilla using Different Set of Logins]"]]>
              </value>
            </param>
          </params>
          <reporter-output>
          </reporter-output>
        </test-method> <!-- runScenario -->
        <test-method signature="runScenario(io.cucumber.testng.PickleWrapper,io.cucumber.testng.FeatureWrapper)[pri:0, instance:CucumberOptions.TestNGTestRunner@791f145a]" started-at="2022-02-27T16:39:11 IST" name="runScenario" description="Runs Cucumber Scenarios" data-provider="scenarios" finished-at="2022-02-27T16:39:40 IST" duration-ms="28793" status="PASS">
          <params>
            <param index="0">
              <value>
                <![CDATA["SignTo to Bugzilla"]]>
              </value>
            </param>
            <param index="1">
              <value>
                <![CDATA["Optional[Login to Bugzilla using Different Set of Logins]"]]>
              </value>
            </param>
          </params>
          <reporter-output>
          </reporter-output>
        </test-method> <!-- runScenario -->
        <test-method is-config="true" signature="tearDownClass()[pri:0, instance:CucumberOptions.TestNGTestRunner@791f145a]" started-at="2022-02-27T16:39:40 IST" name="tearDownClass" finished-at="2022-02-27T16:39:40 IST" duration-ms="6" status="PASS">
          <reporter-output>
          </reporter-output>
        </test-method> <!-- tearDownClass -->
      </class> <!-- CucumberOptions.TestNGTestRunner -->
    </test> <!-- Default test -->
  </suite> <!-- Default suite -->
</testng-results>
